# JRE version: Java(TM) SE Runtime Environment (21.0+35) (build 21+35-LTS-2513)
# Java VM: Java HotSpot(TM) 64-Bit Server VM (21+35-LTS-2513, mixed mode, sharing, tiered, compressed oops, compressed class ptrs, g1 gc, windows-amd64)
GC Precious Log:
 CardTable entry size: 512
 Card Set container configuration: InlinePtr #cards 5 size 8 Array Of Cards #cards 12 size 40 Howl #buckets 4 coarsen threshold 1843 Howl Bitmap #cards 512 size 80 coarsen threshold 460 Card regions per heap region 1 cards per card region 2048
 CPUs: 8 total, 8 available
 Memory: 8028M
 Large Page Support: Disabled
 NUMA Support: Disabled
 Compressed Oops: Enabled (32-bit)
 Heap Region Size: 1M
 Heap Min Capacity: 8M
 Heap Initial Capacity: 126M
 Heap Max Capacity: 2008M
 Pre-touch: Disabled
 Parallel Workers: 8
 Concurrent Workers: 2
 Concurrent Refinement Workers: 8
 Periodic GC: Disabled
Heap:
 garbage-first heap   total 66560K, used 57520K [0x0000000082800000, 0x0000000100000000)
  region size 1024K, 28 young (28672K), 2 survivors (2048K)
 Metaspace       used 67336K, committed 68032K, reserved 1114112K
  class space    used 9248K, committed 9536K, reserved 1048576K
GC Heap History (20 events):
Event: 6.409 GC heap before
{Heap before GC invocations=6 (full 0):
 garbage-first heap   total 48128K, used 37371K [0x0000000082800000, 0x0000000100000000)
  region size 1024K, 22 young (22528K), 3 survivors (3072K)
 Metaspace       used 34604K, committed 35136K, reserved 1114112K
  class space    used 4473K, committed 4736K, reserved 1048576K
}
Event: 6.412 GC heap after
{Heap after GC invocations=7 (full 0):
 garbage-first heap   total 48128K, used 19185K [0x0000000082800000, 0x0000000100000000)
  region size 1024K, 2 young (2048K), 2 survivors (2048K)
 Metaspace       used 34604K, committed 35136K, reserved 1114112K
  class space    used 4473K, committed 4736K, reserved 1048576K
}
Event: 6.476 GC heap before
{Heap before GC invocations=7 (full 0):
 garbage-first heap   total 48128K, used 21233K [0x0000000082800000, 0x0000000100000000)
  region size 1024K, 5 young (5120K), 2 survivors (2048K)
 Metaspace       used 35403K, committed 35968K, reserved 1114112K
  class space    used 4603K, committed 4864K, reserved 1048576K
}
Event: 6.478 GC heap after
{Heap after GC invocations=8 (full 0):
 garbage-first heap   total 48128K, used 19267K [0x0000000082800000, 0x0000000100000000)
  region size 1024K, 2 young (2048K), 2 survivors (2048K)
 Metaspace       used 35403K, committed 35968K, reserved 1114112K
  class space    used 4603K, committed 4864K, reserved 1048576K
}
Event: 7.105 GC heap before
{Heap before GC invocations=9 (full 0):
 garbage-first heap   total 48128K, used 38723K [0x0000000082800000, 0x0000000100000000)
  region size 1024K, 22 young (22528K), 2 survivors (2048K)
 Metaspace       used 41575K, committed 42176K, reserved 1114112K
  class space    used 5387K, committed 5696K, reserved 1048576K
}
Event: 7.116 GC heap after
{Heap after GC invocations=10 (full 0):
 garbage-first heap   total 48128K, used 21503K [0x0000000082800000, 0x0000000100000000)
  region size 1024K, 3 young (3072K), 3 survivors (3072K)
 Metaspace       used 41575K, committed 42176K, reserved 1114112K
  class space    used 5387K, committed 5696K, reserved 1048576K
}
Event: 7.618 GC heap before
{Heap before GC invocations=10 (full 0):
 garbage-first heap   total 48128K, used 40959K [0x0000000082800000, 0x0000000100000000)
  region size 1024K, 22 young (22528K), 3 survivors (3072K)
 Metaspace       used 48354K, committed 48960K, reserved 1114112K
  class space    used 6446K, committed 6720K, reserved 1048576K
}
Event: 7.623 GC heap after
{Heap after GC invocations=11 (full 0):
 garbage-first heap   total 48128K, used 22625K [0x0000000082800000, 0x0000000100000000)
  region size 1024K, 2 young (2048K), 2 survivors (2048K)
 Metaspace       used 48354K, committed 48960K, reserved 1114112K
  class space    used 6446K, committed 6720K, reserved 1048576K
}
Event: 8.077 GC heap before
{Heap before GC invocations=11 (full 0):
 garbage-first heap   total 48128K, used 41057K [0x0000000082800000, 0x0000000100000000)
  region size 1024K, 20 young (20480K), 2 survivors (2048K)
 Metaspace       used 52298K, committed 52992K, reserved 1114112K
  class space    used 7049K, committed 7360K, reserved 1048576K
}
Event: 8.080 GC heap after
{Heap after GC invocations=12 (full 0):
 garbage-first heap   total 48128K, used 23209K [0x0000000082800000, 0x0000000100000000)
  region size 1024K, 2 young (2048K), 2 survivors (2048K)
 Metaspace       used 52298K, committed 52992K, reserved 1114112K
  class space    used 7049K, committed 7360K, reserved 1048576K
}
Event: 8.638 GC heap before
{Heap before GC invocations=12 (full 0):
 garbage-first heap   total 48128K, used 42665K [0x0000000082800000, 0x0000000100000000)
  region size 1024K, 21 young (21504K), 2 survivors (2048K)
 Metaspace       used 55557K, committed 56192K, reserved 1114112K
  class space    used 7447K, committed 7744K, reserved 1048576K
}
Event: 8.643 GC heap after
{Heap after GC invocations=13 (full 0):
 garbage-first heap   total 48128K, used 25064K [0x0000000082800000, 0x0000000100000000)
  region size 1024K, 3 young (3072K), 3 survivors (3072K)
 Metaspace       used 55557K, committed 56192K, reserved 1114112K
  class space    used 7447K, committed 7744K, reserved 1048576K
}
Event: 8.994 GC heap before
{Heap before GC invocations=13 (full 0):
 garbage-first heap   total 48128K, used 40424K [0x0000000082800000, 0x0000000100000000)
  region size 1024K, 19 young (19456K), 3 survivors (3072K)
 Metaspace       used 58771K, committed 59456K, reserved 1114112K
  class space    used 8084K, committed 8384K, reserved 1048576K
}
Event: 8.998 GC heap after
{Heap after GC invocations=14 (full 0):
 garbage-first heap   total 48128K, used 26938K [0x0000000082800000, 0x0000000100000000)
  region size 1024K, 3 young (3072K), 3 survivors (3072K)
 Metaspace       used 58771K, committed 59456K, reserved 1114112K
  class space    used 8084K, committed 8384K, reserved 1048576K
}
Event: 9.145 GC heap before
{Heap before GC invocations=15 (full 0):
 garbage-first heap   total 55296K, used 38202K [0x0000000082800000, 0x0000000100000000)
  region size 1024K, 15 young (15360K), 3 survivors (3072K)
 Metaspace       used 60122K, committed 60800K, reserved 1114112K
  class space    used 8314K, committed 8576K, reserved 1048576K
}
Event: 9.148 GC heap after
{Heap after GC invocations=16 (full 0):
 garbage-first heap   total 66560K, used 27555K [0x0000000082800000, 0x0000000100000000)
  region size 1024K, 1 young (1024K), 1 survivors (1024K)
 Metaspace       used 60122K, committed 60800K, reserved 1114112K
  class space    used 8314K, committed 8576K, reserved 1048576K
}
Event: 9.551 GC heap before
{Heap before GC invocations=16 (full 0):
 garbage-first heap   total 66560K, used 57251K [0x0000000082800000, 0x0000000100000000)
  region size 1024K, 30 young (30720K), 1 survivors (1024K)
 Metaspace       used 61009K, committed 61632K, reserved 1114112K
  class space    used 8403K, committed 8640K, reserved 1048576K
}
Event: 9.554 GC heap after
{Heap after GC invocations=17 (full 0):
 garbage-first heap   total 66560K, used 28626K [0x0000000082800000, 0x0000000100000000)
  region size 1024K, 2 young (2048K), 2 survivors (2048K)
 Metaspace       used 61009K, committed 61632K, reserved 1114112K
  class space    used 8403K, committed 8640K, reserved 1048576K
}
Event: 45.909 GC heap before
{Heap before GC invocations=17 (full 0):
 garbage-first heap   total 66560K, used 58322K [0x0000000082800000, 0x0000000100000000)
  region size 1024K, 31 young (31744K), 2 survivors (2048K)
 Metaspace       used 64507K, committed 65216K, reserved 1114112K
  class space    used 8889K, committed 9216K, reserved 1048576K
}
Event: 45.915 GC heap after
{Heap after GC invocations=18 (full 0):
 garbage-first heap   total 66560K, used 31001K [0x0000000082800000, 0x0000000100000000)
  region size 1024K, 4 young (4096K), 4 survivors (4096K)
 Metaspace       used 64507K, committed 65216K, reserved 1114112K
  class space    used 8889K, committed 9216K, reserved 1048576K
}

